[2024/09/18 04:16:16] ppocr INFO: Architecture : 
[2024/09/18 04:16:16] ppocr INFO:     Backbone : 
[2024/09/18 04:16:16] ppocr INFO:         last_conv_stride : [1, 2]
[2024/09/18 04:16:16] ppocr INFO:         last_pool_type : avg
[2024/09/18 04:16:16] ppocr INFO:         name : MobileNetV1Enhance
[2024/09/18 04:16:16] ppocr INFO:         scale : 0.5
[2024/09/18 04:16:16] ppocr INFO:     Head : 
[2024/09/18 04:16:16] ppocr INFO:         head_list : 
[2024/09/18 04:16:16] ppocr INFO:             CTCHead : 
[2024/09/18 04:16:16] ppocr INFO:                 Head : 
[2024/09/18 04:16:16] ppocr INFO:                     fc_decay : 1e-05
[2024/09/18 04:16:16] ppocr INFO:                 Neck : 
[2024/09/18 04:16:16] ppocr INFO:                     depth : 2
[2024/09/18 04:16:16] ppocr INFO:                     dims : 64
[2024/09/18 04:16:16] ppocr INFO:                     hidden_dims : 120
[2024/09/18 04:16:16] ppocr INFO:                     name : svtr
[2024/09/18 04:16:16] ppocr INFO:                     use_guide : True
[2024/09/18 04:16:16] ppocr INFO:             SARHead : 
[2024/09/18 04:16:16] ppocr INFO:                 enc_dim : 512
[2024/09/18 04:16:16] ppocr INFO:                 max_text_length : 25
[2024/09/18 04:16:16] ppocr INFO:         name : MultiHead
[2024/09/18 04:16:16] ppocr INFO:     Transform : None
[2024/09/18 04:16:16] ppocr INFO:     algorithm : SVTR_LCNet
[2024/09/18 04:16:16] ppocr INFO:     model_type : rec
[2024/09/18 04:16:16] ppocr INFO: Eval : 
[2024/09/18 04:16:16] ppocr INFO:     dataset : 
[2024/09/18 04:16:16] ppocr INFO:         data_dir : /home/mlteam/work/bazo/mn_ocr/dataset/recognition/
[2024/09/18 04:16:16] ppocr INFO:         label_file_list : ['/home/mlteam/work/bazo/mn_ocr/dataset/recognition/annotation_test.txt']
[2024/09/18 04:16:16] ppocr INFO:         name : SimpleDataSet
[2024/09/18 04:16:16] ppocr INFO:         transforms : 
[2024/09/18 04:16:16] ppocr INFO:             DecodeImage : 
[2024/09/18 04:16:16] ppocr INFO:                 channel_first : False
[2024/09/18 04:16:16] ppocr INFO:                 img_mode : BGR
[2024/09/18 04:16:16] ppocr INFO:             MultiLabelEncode : None
[2024/09/18 04:16:16] ppocr INFO:             RecResizeImg : 
[2024/09/18 04:16:16] ppocr INFO:                 image_shape : [3, 48, 320]
[2024/09/18 04:16:16] ppocr INFO:             KeepKeys : 
[2024/09/18 04:16:16] ppocr INFO:                 keep_keys : ['image', 'label_ctc', 'label_sar', 'length', 'valid_ratio']
[2024/09/18 04:16:16] ppocr INFO:     loader : 
[2024/09/18 04:16:16] ppocr INFO:         batch_size_per_card : 128
[2024/09/18 04:16:16] ppocr INFO:         drop_last : False
[2024/09/18 04:16:16] ppocr INFO:         num_workers : 4
[2024/09/18 04:16:16] ppocr INFO:         shuffle : False
[2024/09/18 04:16:16] ppocr INFO: Global : 
[2024/09/18 04:16:16] ppocr INFO:     cal_metric_during_train : False
[2024/09/18 04:16:16] ppocr INFO:     character_dict_path : /home/mlteam/work/bazo/mn_ocr/mn_dict.txt
[2024/09/18 04:16:16] ppocr INFO:     checkpoints : None
[2024/09/18 04:16:16] ppocr INFO:     debug : False
[2024/09/18 04:16:16] ppocr INFO:     distributed : False
[2024/09/18 04:16:16] ppocr INFO:     epoch_num : 100
[2024/09/18 04:16:16] ppocr INFO:     eval_batch_step : [0, 2000]
[2024/09/18 04:16:16] ppocr INFO:     infer_img : None
[2024/09/18 04:16:16] ppocr INFO:     infer_mode : False
[2024/09/18 04:16:16] ppocr INFO:     log_smooth_window : 10000
[2024/09/18 04:16:16] ppocr INFO:     max_text_length : 25
[2024/09/18 04:16:16] ppocr INFO:     pretrained_model : None
[2024/09/18 04:16:16] ppocr INFO:     print_batch_step : 10000
[2024/09/18 04:16:16] ppocr INFO:     save_epoch_step : 5
[2024/09/18 04:16:16] ppocr INFO:     save_inference_dir : None
[2024/09/18 04:16:16] ppocr INFO:     save_model_dir : /home/mlteam/work/bazo/mn_ocr/output/recognition
[2024/09/18 04:16:16] ppocr INFO:     save_res_path : /home/mlteam/work/bazo/mn_ocr/output/recognition/prediction.txt
[2024/09/18 04:16:16] ppocr INFO:     use_gpu : True
[2024/09/18 04:16:16] ppocr INFO:     use_space_char : True
[2024/09/18 04:16:16] ppocr INFO:     use_visualdl : False
[2024/09/18 04:16:16] ppocr INFO: Loss : 
[2024/09/18 04:16:16] ppocr INFO:     loss_config_list : 
[2024/09/18 04:16:16] ppocr INFO:         CTCLoss : None
[2024/09/18 04:16:16] ppocr INFO:         SARLoss : None
[2024/09/18 04:16:16] ppocr INFO:     name : MultiLoss
[2024/09/18 04:16:16] ppocr INFO: Metric : 
[2024/09/18 04:16:16] ppocr INFO:     ignore_space : False
[2024/09/18 04:16:16] ppocr INFO:     main_indicator : acc
[2024/09/18 04:16:16] ppocr INFO:     name : RecMetric
[2024/09/18 04:16:16] ppocr INFO: Optimizer : 
[2024/09/18 04:16:16] ppocr INFO:     beta1 : 0.9
[2024/09/18 04:16:16] ppocr INFO:     beta2 : 0.999
[2024/09/18 04:16:16] ppocr INFO:     lr : 
[2024/09/18 04:16:16] ppocr INFO:         learning_rate : 0.001
[2024/09/18 04:16:16] ppocr INFO:         name : Cosine
[2024/09/18 04:16:16] ppocr INFO:         warmup_epoch : 5
[2024/09/18 04:16:16] ppocr INFO:     name : Adam
[2024/09/18 04:16:16] ppocr INFO:     regularizer : 
[2024/09/18 04:16:16] ppocr INFO:         factor : 3e-05
[2024/09/18 04:16:16] ppocr INFO:         name : L2
[2024/09/18 04:16:16] ppocr INFO: PostProcess : 
[2024/09/18 04:16:16] ppocr INFO:     name : CTCLabelDecode
[2024/09/18 04:16:16] ppocr INFO: Train : 
[2024/09/18 04:16:16] ppocr INFO:     dataset : 
[2024/09/18 04:16:16] ppocr INFO:         data_dir : /home/mlteam/work/bazo/mn_ocr/dataset/recognition/
[2024/09/18 04:16:16] ppocr INFO:         ext_op_transform_idx : 1
[2024/09/18 04:16:16] ppocr INFO:         label_file_list : ['/home/mlteam/work/bazo/mn_ocr/dataset/recognition/annotation_train.txt']
[2024/09/18 04:16:16] ppocr INFO:         name : SimpleDataSet
[2024/09/18 04:16:16] ppocr INFO:         transforms : 
[2024/09/18 04:16:16] ppocr INFO:             DecodeImage : 
[2024/09/18 04:16:16] ppocr INFO:                 channel_first : False
[2024/09/18 04:16:16] ppocr INFO:                 img_mode : BGR
[2024/09/18 04:16:16] ppocr INFO:             RecConAug : 
[2024/09/18 04:16:16] ppocr INFO:                 ext_data_num : 2
[2024/09/18 04:16:16] ppocr INFO:                 image_shape : [48, 320, 3]
[2024/09/18 04:16:16] ppocr INFO:                 max_text_length : 25
[2024/09/18 04:16:16] ppocr INFO:                 prob : 0.5
[2024/09/18 04:16:16] ppocr INFO:             RecAug : None
[2024/09/18 04:16:16] ppocr INFO:             MultiLabelEncode : None
[2024/09/18 04:16:16] ppocr INFO:             RecResizeImg : 
[2024/09/18 04:16:16] ppocr INFO:                 image_shape : [3, 48, 320]
[2024/09/18 04:16:16] ppocr INFO:             KeepKeys : 
[2024/09/18 04:16:16] ppocr INFO:                 keep_keys : ['image', 'label_ctc', 'label_sar', 'length', 'valid_ratio']
[2024/09/18 04:16:16] ppocr INFO:     loader : 
[2024/09/18 04:16:16] ppocr INFO:         batch_size_per_card : 128
[2024/09/18 04:16:16] ppocr INFO:         drop_last : True
[2024/09/18 04:16:16] ppocr INFO:         num_workers : 4
[2024/09/18 04:16:16] ppocr INFO:         shuffle : True
[2024/09/18 04:16:16] ppocr INFO: profiler_options : None
[2024/09/18 04:16:16] ppocr INFO: train with paddle 2.5.2 and device Place(gpu:0)
[2024/09/18 04:16:16] ppocr INFO: Initialize indexs of datasets:['/home/mlteam/work/bazo/mn_ocr/dataset/recognition/annotation_train.txt']
[2024/09/18 04:16:16] ppocr INFO: Initialize indexs of datasets:['/home/mlteam/work/bazo/mn_ocr/dataset/recognition/annotation_test.txt']
[2024/09/18 04:16:16] ppocr INFO: train dataloader has 625 iters
[2024/09/18 04:16:16] ppocr INFO: valid dataloader has 93 iters
[2024/09/18 04:16:16] ppocr INFO: train from scratch
[2024/09/18 04:16:16] ppocr INFO: During the training process, after the 0th iteration, an evaluation is run every 2000 iterations
[2024/09/18 04:17:39] ppocr INFO: epoch: [1/100], global_step: 625, lr: 0.000100, CTCLoss: 108.980850, SARLoss: 3.188676, loss: 112.167160, avg_reader_cost: 0.00003 s, avg_batch_cost: 0.00464 s, avg_samples: 8.0, ips: 1723.95553 samples/s, eta: 1:16:34
[2024/09/18 04:17:39] ppocr INFO: save model in /home/mlteam/work/bazo/mn_ocr/output/recognition/latest
[2024/09/18 04:19:00] ppocr INFO: epoch: [2/100], global_step: 1250, lr: 0.000200, CTCLoss: 61.617584, SARLoss: 2.690831, loss: 64.274906, avg_reader_cost: 0.00005 s, avg_batch_cost: 0.00454 s, avg_samples: 8.0, ips: 1763.23849 samples/s, eta: 1:14:57
[2024/09/18 04:19:00] ppocr INFO: save model in /home/mlteam/work/bazo/mn_ocr/output/recognition/latest
[2024/09/18 04:20:21] ppocr INFO: epoch: [3/100], global_step: 1875, lr: 0.000300, CTCLoss: 40.790771, SARLoss: 2.459116, loss: 43.255711, avg_reader_cost: 0.00009 s, avg_batch_cost: 0.00458 s, avg_samples: 8.0, ips: 1746.19648 samples/s, eta: 1:14:08
[2024/09/18 04:20:22] ppocr INFO: save model in /home/mlteam/work/bazo/mn_ocr/output/recognition/latest
[2024/09/18 04:20:41] ppocr INFO: cur metric, acc: 0.6177067473214047, norm_edit_dis: 0.8368042809427856, fps: 5334.618086588612
[2024/09/18 04:20:41] ppocr INFO: save best model is to /home/mlteam/work/bazo/mn_ocr/output/recognition/best_accuracy
[2024/09/18 04:20:41] ppocr INFO: best metric, acc: 0.6177067473214047, is_float16: False, norm_edit_dis: 0.8368042809427856, fps: 5334.618086588612, best_epoch: 4
[2024/09/18 04:21:46] ppocr INFO: epoch: [4/100], global_step: 2500, lr: 0.000400, CTCLoss: 30.286609, SARLoss: 2.170814, loss: 32.447140, avg_reader_cost: 0.00006 s, avg_batch_cost: 0.00455 s, avg_samples: 8.0, ips: 1756.93483 samples/s, eta: 1:13:14
[2024/09/18 04:21:46] ppocr INFO: save model in /home/mlteam/work/bazo/mn_ocr/output/recognition/latest
[2024/09/18 04:23:07] ppocr INFO: epoch: [5/100], global_step: 3125, lr: 0.000500, CTCLoss: 17.570543, SARLoss: 1.384561, loss: 19.011787, avg_reader_cost: 0.00006 s, avg_batch_cost: 0.00456 s, avg_samples: 8.0, ips: 1754.88438 samples/s, eta: 1:12:25
[2024/09/18 04:23:07] ppocr INFO: save model in /home/mlteam/work/bazo/mn_ocr/output/recognition/latest
[2024/09/18 04:23:08] ppocr INFO: save model in /home/mlteam/work/bazo/mn_ocr/output/recognition/iter_epoch_5
[2024/09/18 04:24:29] ppocr INFO: epoch: [6/100], global_step: 3750, lr: 0.000600, CTCLoss: 8.008480, SARLoss: 0.846216, loss: 8.857223, avg_reader_cost: 0.00009 s, avg_batch_cost: 0.00460 s, avg_samples: 8.0, ips: 1740.99066 samples/s, eta: 1:11:43
[2024/09/18 04:24:29] ppocr INFO: save model in /home/mlteam/work/bazo/mn_ocr/output/recognition/latest
[2024/09/18 04:25:04] ppocr INFO: cur metric, acc: 0.939793674158808, norm_edit_dis: 0.9726579845853338, fps: 5356.389623157405
[2024/09/18 04:25:05] ppocr INFO: save best model is to /home/mlteam/work/bazo/mn_ocr/output/recognition/best_accuracy
[2024/09/18 04:25:05] ppocr INFO: best metric, acc: 0.939793674158808, is_float16: False, norm_edit_dis: 0.9726579845853338, fps: 5356.389623157405, best_epoch: 7
[2024/09/18 04:25:53] ppocr INFO: epoch: [7/100], global_step: 4375, lr: 0.000700, CTCLoss: 4.817926, SARLoss: 0.669699, loss: 5.470910, avg_reader_cost: 0.00007 s, avg_batch_cost: 0.00457 s, avg_samples: 8.0, ips: 1752.35210 samples/s, eta: 1:10:55
[2024/09/18 04:25:54] ppocr INFO: save model in /home/mlteam/work/bazo/mn_ocr/output/recognition/latest
[2024/09/18 04:27:15] ppocr INFO: epoch: [8/100], global_step: 5000, lr: 0.000800, CTCLoss: 3.479060, SARLoss: 0.587973, loss: 4.059777, avg_reader_cost: 0.00006 s, avg_batch_cost: 0.00456 s, avg_samples: 8.0, ips: 1754.80774 samples/s, eta: 1:10:07
[2024/09/18 04:27:15] ppocr INFO: save model in /home/mlteam/work/bazo/mn_ocr/output/recognition/latest
[2024/09/18 04:28:36] ppocr INFO: epoch: [9/100], global_step: 5625, lr: 0.000900, CTCLoss: 2.615325, SARLoss: 0.527685, loss: 3.121692, avg_reader_cost: 0.00007 s, avg_batch_cost: 0.00456 s, avg_samples: 8.0, ips: 1753.50478 samples/s, eta: 1:09:20
[2024/09/18 04:28:38] ppocr INFO: save model in /home/mlteam/work/bazo/mn_ocr/output/recognition/latest
[2024/09/18 04:29:30] ppocr INFO: cur metric, acc: 0.9606798571277864, norm_edit_dis: 0.9804429805895281, fps: 5358.590274584079
[2024/09/18 04:29:30] ppocr INFO: save best model is to /home/mlteam/work/bazo/mn_ocr/output/recognition/best_accuracy
[2024/09/18 04:29:30] ppocr INFO: best metric, acc: 0.9606798571277864, is_float16: False, norm_edit_dis: 0.9804429805895281, fps: 5358.590274584079, best_epoch: 10
[2024/09/18 04:30:03] ppocr INFO: epoch: [10/100], global_step: 6250, lr: 0.000994, CTCLoss: 2.120096, SARLoss: 0.490266, loss: 2.614296, avg_reader_cost: 0.00021 s, avg_batch_cost: 0.00471 s, avg_samples: 8.0, ips: 1697.47519 samples/s, eta: 1:08:47
[2024/09/18 04:30:03] ppocr INFO: save model in /home/mlteam/work/bazo/mn_ocr/output/recognition/latest
[2024/09/18 04:30:03] ppocr INFO: save model in /home/mlteam/work/bazo/mn_ocr/output/recognition/iter_epoch_10
[2024/09/18 04:31:24] ppocr INFO: epoch: [11/100], global_step: 6875, lr: 0.000993, CTCLoss: 1.795882, SARLoss: 0.465469, loss: 2.248499, avg_reader_cost: 0.00008 s, avg_batch_cost: 0.00458 s, avg_samples: 8.0, ips: 1746.14990 samples/s, eta: 1:08:01
[2024/09/18 04:31:25] ppocr INFO: save model in /home/mlteam/work/bazo/mn_ocr/output/recognition/latest
[2024/09/18 04:32:46] ppocr INFO: epoch: [12/100], global_step: 7500, lr: 0.000991, CTCLoss: 1.555017, SARLoss: 0.444758, loss: 1.992697, avg_reader_cost: 0.00007 s, avg_batch_cost: 0.00457 s, avg_samples: 8.0, ips: 1750.48919 samples/s, eta: 1:07:14
[2024/09/18 04:32:46] ppocr INFO: save model in /home/mlteam/work/bazo/mn_ocr/output/recognition/latest
[2024/09/18 04:33:54] ppocr INFO: cur metric, acc: 0.9688821233139844, norm_edit_dis: 0.9845233879488215, fps: 5349.759264797764
[2024/09/18 04:33:54] ppocr INFO: save best model is to /home/mlteam/work/bazo/mn_ocr/output/recognition/best_accuracy
[2024/09/18 04:33:54] ppocr INFO: best metric, acc: 0.9688821233139844, is_float16: False, norm_edit_dis: 0.9845233879488215, fps: 5349.759264797764, best_epoch: 13
[2024/09/18 04:34:11] ppocr INFO: epoch: [13/100], global_step: 8125, lr: 0.000990, CTCLoss: 1.390086, SARLoss: 0.428619, loss: 1.817485, avg_reader_cost: 0.00007 s, avg_batch_cost: 0.00458 s, avg_samples: 8.0, ips: 1748.55364 samples/s, eta: 1:06:28
[2024/09/18 04:34:11] ppocr INFO: save model in /home/mlteam/work/bazo/mn_ocr/output/recognition/latest
[2024/09/18 04:35:32] ppocr INFO: epoch: [14/100], global_step: 8750, lr: 0.000988, CTCLoss: 1.269730, SARLoss: 0.416579, loss: 1.682516, avg_reader_cost: 0.00007 s, avg_batch_cost: 0.00457 s, avg_samples: 8.0, ips: 1751.47445 samples/s, eta: 1:05:41
[2024/09/18 04:35:33] ppocr INFO: save model in /home/mlteam/work/bazo/mn_ocr/output/recognition/latest
[2024/09/18 04:36:54] ppocr INFO: epoch: [15/100], global_step: 9375, lr: 0.000986, CTCLoss: 1.167963, SARLoss: 0.405632, loss: 1.568408, avg_reader_cost: 0.00007 s, avg_batch_cost: 0.00457 s, avg_samples: 8.0, ips: 1750.35198 samples/s, eta: 1:04:54
[2024/09/18 04:36:54] ppocr INFO: save model in /home/mlteam/work/bazo/mn_ocr/output/recognition/latest
[2024/09/18 04:36:54] ppocr INFO: save model in /home/mlteam/work/bazo/mn_ocr/output/recognition/iter_epoch_15
[2024/09/18 04:38:15] ppocr INFO: epoch: [16/100], global_step: 10000, lr: 0.000985, CTCLoss: 1.085481, SARLoss: 0.397304, loss: 1.472319, avg_reader_cost: 0.00009 s, avg_batch_cost: 0.00458 s, avg_samples: 8.0, ips: 1745.63525 samples/s, eta: 1:04:08
[2024/09/18 04:38:18] ppocr INFO: cur metric, acc: 0.9705733122183551, norm_edit_dis: 0.9851861170035648, fps: 5354.205227280823
[2024/09/18 04:38:19] ppocr INFO: save best model is to /home/mlteam/work/bazo/mn_ocr/output/recognition/best_accuracy
[2024/09/18 04:38:19] ppocr INFO: best metric, acc: 0.9705733122183551, is_float16: False, norm_edit_dis: 0.9851861170035648, fps: 5354.205227280823, best_epoch: 16
[2024/09/18 04:38:19] ppocr INFO: save model in /home/mlteam/work/bazo/mn_ocr/output/recognition/latest
[2024/09/18 04:39:40] ppocr INFO: epoch: [17/100], global_step: 10625, lr: 0.000985, CTCLoss: 0.956499, SARLoss: 0.381578, loss: 1.331457, avg_reader_cost: 0.00007 s, avg_batch_cost: 0.00458 s, avg_samples: 8.0, ips: 1746.23754 samples/s, eta: 1:03:23
[2024/09/18 04:39:41] ppocr INFO: save model in /home/mlteam/work/bazo/mn_ocr/output/recognition/latest
[2024/09/18 04:41:02] ppocr INFO: epoch: [18/100], global_step: 11250, lr: 0.000985, CTCLoss: 0.858858, SARLoss: 0.370658, loss: 1.224695, avg_reader_cost: 0.00007 s, avg_batch_cost: 0.00457 s, avg_samples: 8.0, ips: 1750.40905 samples/s, eta: 1:02:36
[2024/09/18 04:41:02] ppocr INFO: save model in /home/mlteam/work/bazo/mn_ocr/output/recognition/latest
[2024/09/18 04:42:23] ppocr INFO: epoch: [19/100], global_step: 11875, lr: 0.000985, CTCLoss: 0.788519, SARLoss: 0.361718, loss: 1.143146, avg_reader_cost: 0.00007 s, avg_batch_cost: 0.00458 s, avg_samples: 8.0, ips: 1748.07538 samples/s, eta: 1:01:50
[2024/09/18 04:42:24] ppocr INFO: save model in /home/mlteam/work/bazo/mn_ocr/output/recognition/latest
[2024/09/18 04:42:43] ppocr INFO: cur metric, acc: 0.9733637739105667, norm_edit_dis: 0.9869180786909367, fps: 5339.70045003609
[2024/09/18 04:42:44] ppocr INFO: save best model is to /home/mlteam/work/bazo/mn_ocr/output/recognition/best_accuracy
[2024/09/18 04:42:44] ppocr INFO: best metric, acc: 0.9733637739105667, is_float16: False, norm_edit_dis: 0.9869180786909367, fps: 5339.70045003609, best_epoch: 20
[2024/09/18 04:43:48] ppocr INFO: epoch: [20/100], global_step: 12500, lr: 0.000985, CTCLoss: 0.728433, SARLoss: 0.353556, loss: 1.080582, avg_reader_cost: 0.00009 s, avg_batch_cost: 0.00459 s, avg_samples: 8.0, ips: 1743.13316 samples/s, eta: 1:01:05
[2024/09/18 04:43:49] ppocr INFO: save model in /home/mlteam/work/bazo/mn_ocr/output/recognition/latest
[2024/09/18 04:43:49] ppocr INFO: save model in /home/mlteam/work/bazo/mn_ocr/output/recognition/iter_epoch_20
[2024/09/18 04:45:10] ppocr INFO: epoch: [21/100], global_step: 13125, lr: 0.000984, CTCLoss: 0.680329, SARLoss: 0.346823, loss: 1.023901, avg_reader_cost: 0.00009 s, avg_batch_cost: 0.00459 s, avg_samples: 8.0, ips: 1741.89960 samples/s, eta: 1:00:19
[2024/09/18 04:45:11] ppocr INFO: save model in /home/mlteam/work/bazo/mn_ocr/output/recognition/latest
[2024/09/18 04:46:32] ppocr INFO: epoch: [22/100], global_step: 13750, lr: 0.000980, CTCLoss: 0.639743, SARLoss: 0.341197, loss: 0.979822, avg_reader_cost: 0.00007 s, avg_batch_cost: 0.00457 s, avg_samples: 8.0, ips: 1749.62091 samples/s, eta: 0:59:33
[2024/09/18 04:46:32] ppocr INFO: save model in /home/mlteam/work/bazo/mn_ocr/output/recognition/latest
[2024/09/18 04:47:08] ppocr INFO: cur metric, acc: 0.9744630466984078, norm_edit_dis: 0.9872439821875438, fps: 5345.161122506874
[2024/09/18 04:47:08] ppocr INFO: save best model is to /home/mlteam/work/bazo/mn_ocr/output/recognition/best_accuracy
[2024/09/18 04:47:08] ppocr INFO: best metric, acc: 0.9744630466984078, is_float16: False, norm_edit_dis: 0.9872439821875438, fps: 5345.161122506874, best_epoch: 23
[2024/09/18 04:47:57] ppocr INFO: epoch: [23/100], global_step: 14375, lr: 0.000976, CTCLoss: 0.603731, SARLoss: 0.335982, loss: 0.940501, avg_reader_cost: 0.00008 s, avg_batch_cost: 0.00458 s, avg_samples: 8.0, ips: 1746.04102 samples/s, eta: 0:58:47
[2024/09/18 04:47:57] ppocr INFO: save model in /home/mlteam/work/bazo/mn_ocr/output/recognition/latest
[2024/09/18 04:49:18] ppocr INFO: epoch: [24/100], global_step: 15000, lr: 0.000970, CTCLoss: 0.572819, SARLoss: 0.331319, loss: 0.902335, avg_reader_cost: 0.00008 s, avg_batch_cost: 0.00457 s, avg_samples: 8.0, ips: 1749.29587 samples/s, eta: 0:58:01
[2024/09/18 04:49:19] ppocr INFO: save model in /home/mlteam/work/bazo/mn_ocr/output/recognition/latest
[2024/09/18 04:50:40] ppocr INFO: epoch: [25/100], global_step: 15625, lr: 0.000965, CTCLoss: 0.543450, SARLoss: 0.327218, loss: 0.871826, avg_reader_cost: 0.00008 s, avg_batch_cost: 0.00459 s, avg_samples: 8.0, ips: 1743.37997 samples/s, eta: 0:57:16
[2024/09/18 04:50:40] ppocr INFO: save model in /home/mlteam/work/bazo/mn_ocr/output/recognition/latest
[2024/09/18 04:50:41] ppocr INFO: save model in /home/mlteam/work/bazo/mn_ocr/output/recognition/iter_epoch_25
[2024/09/18 04:51:32] ppocr INFO: cur metric, acc: 0.9775917461714936, norm_edit_dis: 0.9891649137967293, fps: 5348.548430172976
[2024/09/18 04:51:33] ppocr INFO: save best model is to /home/mlteam/work/bazo/mn_ocr/output/recognition/best_accuracy
[2024/09/18 04:51:33] ppocr INFO: best metric, acc: 0.9775917461714936, is_float16: False, norm_edit_dis: 0.9891649137967293, fps: 5348.548430172976, best_epoch: 26
[2024/09/18 04:52:05] ppocr INFO: epoch: [26/100], global_step: 16250, lr: 0.000959, CTCLoss: 0.518228, SARLoss: 0.323226, loss: 0.842505, avg_reader_cost: 0.00010 s, avg_batch_cost: 0.00460 s, avg_samples: 8.0, ips: 1740.23988 samples/s, eta: 0:56:30
[2024/09/18 04:52:06] ppocr INFO: save model in /home/mlteam/work/bazo/mn_ocr/output/recognition/latest
[2024/09/18 04:53:27] ppocr INFO: epoch: [27/100], global_step: 16875, lr: 0.000952, CTCLoss: 0.495399, SARLoss: 0.320187, loss: 0.816343, avg_reader_cost: 0.00010 s, avg_batch_cost: 0.00461 s, avg_samples: 8.0, ips: 1736.11022 samples/s, eta: 0:55:45
[2024/09/18 04:53:28] ppocr INFO: save model in /home/mlteam/work/bazo/mn_ocr/output/recognition/latest
[2024/09/18 04:54:49] ppocr INFO: epoch: [28/100], global_step: 17500, lr: 0.000946, CTCLoss: 0.478597, SARLoss: 0.317341, loss: 0.793245, avg_reader_cost: 0.00008 s, avg_batch_cost: 0.00458 s, avg_samples: 8.0, ips: 1745.90728 samples/s, eta: 0:54:59
[2024/09/18 04:54:49] ppocr INFO: save model in /home/mlteam/work/bazo/mn_ocr/output/recognition/latest
[2024/09/18 04:55:57] ppocr INFO: cur metric, acc: 0.9786910189593345, norm_edit_dis: 0.989239870901684, fps: 5356.631993911808
[2024/09/18 04:55:58] ppocr INFO: save best model is to /home/mlteam/work/bazo/mn_ocr/output/recognition/best_accuracy
[2024/09/18 04:55:58] ppocr INFO: best metric, acc: 0.9786910189593345, is_float16: False, norm_edit_dis: 0.989239870901684, fps: 5356.631993911808, best_epoch: 29
[2024/09/18 04:56:14] ppocr INFO: epoch: [29/100], global_step: 18125, lr: 0.000938, CTCLoss: 0.462220, SARLoss: 0.314832, loss: 0.776195, avg_reader_cost: 0.00008 s, avg_batch_cost: 0.00459 s, avg_samples: 8.0, ips: 1743.88280 samples/s, eta: 0:54:14
[2024/09/18 04:56:14] ppocr INFO: save model in /home/mlteam/work/bazo/mn_ocr/output/recognition/latest
[2024/09/18 04:57:36] ppocr INFO: epoch: [30/100], global_step: 18750, lr: 0.000930, CTCLoss: 0.447724, SARLoss: 0.312228, loss: 0.760678, avg_reader_cost: 0.00008 s, avg_batch_cost: 0.00459 s, avg_samples: 8.0, ips: 1742.70128 samples/s, eta: 0:53:28
[2024/09/18 04:57:36] ppocr INFO: save model in /home/mlteam/work/bazo/mn_ocr/output/recognition/latest
[2024/09/18 04:57:36] ppocr INFO: save model in /home/mlteam/work/bazo/mn_ocr/output/recognition/iter_epoch_30
[2024/09/18 04:58:58] ppocr INFO: epoch: [31/100], global_step: 19375, lr: 0.000922, CTCLoss: 0.434965, SARLoss: 0.310165, loss: 0.746376, avg_reader_cost: 0.00012 s, avg_batch_cost: 0.00462 s, avg_samples: 8.0, ips: 1730.01761 samples/s, eta: 0:52:43
[2024/09/18 04:58:58] ppocr INFO: save model in /home/mlteam/work/bazo/mn_ocr/output/recognition/latest
[2024/09/18 05:00:19] ppocr INFO: epoch: [32/100], global_step: 20000, lr: 0.000914, CTCLoss: 0.423462, SARLoss: 0.308298, loss: 0.731857, avg_reader_cost: 0.00008 s, avg_batch_cost: 0.00458 s, avg_samples: 8.0, ips: 1748.25414 samples/s, eta: 0:51:57
[2024/09/18 05:00:22] ppocr INFO: cur metric, acc: 0.9772535083906194, norm_edit_dis: 0.9885142224597542, fps: 5365.334829802421
[2024/09/18 05:00:22] ppocr INFO: best metric, acc: 0.9786910189593345, is_float16: False, norm_edit_dis: 0.989239870901684, fps: 5356.631993911808, best_epoch: 29
[2024/09/18 05:00:22] ppocr INFO: save model in /home/mlteam/work/bazo/mn_ocr/output/recognition/latest
[2024/09/18 05:01:44] ppocr INFO: epoch: [33/100], global_step: 20625, lr: 0.000905, CTCLoss: 0.411087, SARLoss: 0.306351, loss: 0.717530, avg_reader_cost: 0.00008 s, avg_batch_cost: 0.00458 s, avg_samples: 8.0, ips: 1748.07794 samples/s, eta: 0:51:11
[2024/09/18 05:01:44] ppocr INFO: save model in /home/mlteam/work/bazo/mn_ocr/output/recognition/latest
[2024/09/18 05:03:05] ppocr INFO: epoch: [34/100], global_step: 21250, lr: 0.000895, CTCLoss: 0.401233, SARLoss: 0.304615, loss: 0.706723, avg_reader_cost: 0.00008 s, avg_batch_cost: 0.00458 s, avg_samples: 8.0, ips: 1748.08252 samples/s, eta: 0:50:25
[2024/09/18 05:03:06] ppocr INFO: save model in /home/mlteam/work/bazo/mn_ocr/output/recognition/latest
[2024/09/18 05:04:27] ppocr INFO: epoch: [35/100], global_step: 21875, lr: 0.000885, CTCLoss: 0.391435, SARLoss: 0.303141, loss: 0.695392, avg_reader_cost: 0.00008 s, avg_batch_cost: 0.00458 s, avg_samples: 8.0, ips: 1746.19795 samples/s, eta: 0:49:39
[2024/09/18 05:04:27] ppocr INFO: save model in /home/mlteam/work/bazo/mn_ocr/output/recognition/latest
[2024/09/18 05:04:28] ppocr INFO: save model in /home/mlteam/work/bazo/mn_ocr/output/recognition/iter_epoch_35
[2024/09/18 05:04:47] ppocr INFO: cur metric, acc: 0.9794520539663013, norm_edit_dis: 0.9900287617647429, fps: 5358.744845262257
[2024/09/18 05:04:47] ppocr INFO: save best model is to /home/mlteam/work/bazo/mn_ocr/output/recognition/best_accuracy
[2024/09/18 05:04:47] ppocr INFO: best metric, acc: 0.9794520539663013, is_float16: False, norm_edit_dis: 0.9900287617647429, fps: 5358.744845262257, best_epoch: 36
[2024/09/18 05:05:52] ppocr INFO: epoch: [36/100], global_step: 22500, lr: 0.000875, CTCLoss: 0.381316, SARLoss: 0.301570, loss: 0.684004, avg_reader_cost: 0.00010 s, avg_batch_cost: 0.00460 s, avg_samples: 8.0, ips: 1737.72452 samples/s, eta: 0:48:54
[2024/09/18 05:05:53] ppocr INFO: save model in /home/mlteam/work/bazo/mn_ocr/output/recognition/latest
[2024/09/18 05:07:14] ppocr INFO: epoch: [37/100], global_step: 23125, lr: 0.000864, CTCLoss: 0.373741, SARLoss: 0.300146, loss: 0.674683, avg_reader_cost: 0.00008 s, avg_batch_cost: 0.00458 s, avg_samples: 8.0, ips: 1745.52859 samples/s, eta: 0:48:08
[2024/09/18 05:07:14] ppocr INFO: save model in /home/mlteam/work/bazo/mn_ocr/output/recognition/latest
[2024/09/18 05:08:35] ppocr INFO: epoch: [38/100], global_step: 23750, lr: 0.000854, CTCLoss: 0.365669, SARLoss: 0.298802, loss: 0.664992, avg_reader_cost: 0.00008 s, avg_batch_cost: 0.00459 s, avg_samples: 8.0, ips: 1744.67024 samples/s, eta: 0:47:22
[2024/09/18 05:08:36] ppocr INFO: save model in /home/mlteam/work/bazo/mn_ocr/output/recognition/latest
[2024/09/18 05:09:11] ppocr INFO: cur metric, acc: 0.9803822078637052, norm_edit_dis: 0.9901895070737541, fps: 5352.769400128958
[2024/09/18 05:09:12] ppocr INFO: save best model is to /home/mlteam/work/bazo/mn_ocr/output/recognition/best_accuracy
[2024/09/18 05:09:12] ppocr INFO: best metric, acc: 0.9803822078637052, is_float16: False, norm_edit_dis: 0.9901895070737541, fps: 5352.769400128958, best_epoch: 39
[2024/09/18 05:10:00] ppocr INFO: epoch: [39/100], global_step: 24375, lr: 0.000842, CTCLoss: 0.359609, SARLoss: 0.297461, loss: 0.657545, avg_reader_cost: 0.00009 s, avg_batch_cost: 0.00459 s, avg_samples: 8.0, ips: 1743.63387 samples/s, eta: 0:46:36
[2024/09/18 05:10:01] ppocr INFO: save model in /home/mlteam/work/bazo/mn_ocr/output/recognition/latest
[2024/09/18 05:11:22] ppocr INFO: epoch: [40/100], global_step: 25000, lr: 0.000831, CTCLoss: 0.353201, SARLoss: 0.296436, loss: 0.649348, avg_reader_cost: 0.00008 s, avg_batch_cost: 0.00458 s, avg_samples: 8.0, ips: 1746.02431 samples/s, eta: 0:45:50
[2024/09/18 05:11:23] ppocr INFO: save model in /home/mlteam/work/bazo/mn_ocr/output/recognition/latest
[2024/09/18 05:11:23] ppocr INFO: save model in /home/mlteam/work/bazo/mn_ocr/output/recognition/iter_epoch_40
[2024/09/18 05:12:44] ppocr INFO: epoch: [41/100], global_step: 25625, lr: 0.000819, CTCLoss: 0.345911, SARLoss: 0.295274, loss: 0.641933, avg_reader_cost: 0.00010 s, avg_batch_cost: 0.00460 s, avg_samples: 8.0, ips: 1737.68982 samples/s, eta: 0:45:05
[2024/09/18 05:12:44] ppocr INFO: save model in /home/mlteam/work/bazo/mn_ocr/output/recognition/latest
[2024/09/18 05:13:36] ppocr INFO: cur metric, acc: 0.9801285295280496, norm_edit_dis: 0.9902777597177413, fps: 5359.534047284681
[2024/09/18 05:13:36] ppocr INFO: best metric, acc: 0.9803822078637052, is_float16: False, norm_edit_dis: 0.9901895070737541, fps: 5352.769400128958, best_epoch: 39
[2024/09/18 05:14:09] ppocr INFO: epoch: [42/100], global_step: 26250, lr: 0.000806, CTCLoss: 0.341025, SARLoss: 0.294069, loss: 0.635059, avg_reader_cost: 0.00009 s, avg_batch_cost: 0.00459 s, avg_samples: 8.0, ips: 1743.00157 samples/s, eta: 0:44:19
[2024/09/18 05:14:09] ppocr INFO: save model in /home/mlteam/work/bazo/mn_ocr/output/recognition/latest
[2024/09/18 05:15:30] ppocr INFO: epoch: [43/100], global_step: 26875, lr: 0.000794, CTCLoss: 0.334641, SARLoss: 0.292938, loss: 0.627778, avg_reader_cost: 0.00009 s, avg_batch_cost: 0.00460 s, avg_samples: 8.0, ips: 1739.57733 samples/s, eta: 0:43:33
[2024/09/18 05:15:31] ppocr INFO: save model in /home/mlteam/work/bazo/mn_ocr/output/recognition/latest
[2024/09/18 05:16:52] ppocr INFO: epoch: [44/100], global_step: 27500, lr: 0.000781, CTCLoss: 0.327987, SARLoss: 0.291850, loss: 0.620172, avg_reader_cost: 0.00009 s, avg_batch_cost: 0.00459 s, avg_samples: 8.0, ips: 1742.70957 samples/s, eta: 0:42:47
[2024/09/18 05:16:53] ppocr INFO: save model in /home/mlteam/work/bazo/mn_ocr/output/recognition/latest
[2024/09/18 05:18:00] ppocr INFO: cur metric, acc: 0.9813969212063277, norm_edit_dis: 0.9904987835496893, fps: 5337.1844753085825
[2024/09/18 05:18:01] ppocr INFO: save best model is to /home/mlteam/work/bazo/mn_ocr/output/recognition/best_accuracy
[2024/09/18 05:18:01] ppocr INFO: best metric, acc: 0.9813969212063277, is_float16: False, norm_edit_dis: 0.9904987835496893, fps: 5337.1844753085825, best_epoch: 45
[2024/09/18 05:18:17] ppocr INFO: epoch: [45/100], global_step: 28125, lr: 0.000768, CTCLoss: 0.321359, SARLoss: 0.290600, loss: 0.611488, avg_reader_cost: 0.00009 s, avg_batch_cost: 0.00459 s, avg_samples: 8.0, ips: 1742.95143 samples/s, eta: 0:42:02
[2024/09/18 05:18:18] ppocr INFO: save model in /home/mlteam/work/bazo/mn_ocr/output/recognition/latest
[2024/09/18 05:18:18] ppocr INFO: save model in /home/mlteam/work/bazo/mn_ocr/output/recognition/iter_epoch_45
[2024/09/18 05:19:39] ppocr INFO: epoch: [46/100], global_step: 28750, lr: 0.000755, CTCLoss: 0.312710, SARLoss: 0.289731, loss: 0.603244, avg_reader_cost: 0.00011 s, avg_batch_cost: 0.00461 s, avg_samples: 8.0, ips: 1735.20154 samples/s, eta: 0:41:16
[2024/09/18 05:19:40] ppocr INFO: save model in /home/mlteam/work/bazo/mn_ocr/output/recognition/latest
[2024/09/18 05:21:01] ppocr INFO: epoch: [47/100], global_step: 29375, lr: 0.000741, CTCLoss: 0.307715, SARLoss: 0.288674, loss: 0.596644, avg_reader_cost: 0.00009 s, avg_batch_cost: 0.00459 s, avg_samples: 8.0, ips: 1742.71386 samples/s, eta: 0:40:30
[2024/09/18 05:21:01] ppocr INFO: save model in /home/mlteam/work/bazo/mn_ocr/output/recognition/latest
[2024/09/18 05:22:23] ppocr INFO: epoch: [48/100], global_step: 30000, lr: 0.000727, CTCLoss: 0.301252, SARLoss: 0.287621, loss: 0.589732, avg_reader_cost: 0.00010 s, avg_batch_cost: 0.00460 s, avg_samples: 8.0, ips: 1740.30799 samples/s, eta: 0:39:44
[2024/09/18 05:22:26] ppocr INFO: cur metric, acc: 0.9819042778776389, norm_edit_dis: 0.9911749592252933, fps: 5357.67692656161
[2024/09/18 05:22:26] ppocr INFO: save best model is to /home/mlteam/work/bazo/mn_ocr/output/recognition/best_accuracy
[2024/09/18 05:22:26] ppocr INFO: best metric, acc: 0.9819042778776389, is_float16: False, norm_edit_dis: 0.9911749592252933, fps: 5357.67692656161, best_epoch: 48
[2024/09/18 05:22:27] ppocr INFO: save model in /home/mlteam/work/bazo/mn_ocr/output/recognition/latest
[2024/09/18 05:23:48] ppocr INFO: epoch: [49/100], global_step: 30625, lr: 0.000713, CTCLoss: 0.295926, SARLoss: 0.286922, loss: 0.582859, avg_reader_cost: 0.00010 s, avg_batch_cost: 0.00460 s, avg_samples: 8.0, ips: 1739.50993 samples/s, eta: 0:38:59
[2024/09/18 05:23:49] ppocr INFO: save model in /home/mlteam/work/bazo/mn_ocr/output/recognition/latest
[2024/09/18 05:25:10] ppocr INFO: epoch: [50/100], global_step: 31250, lr: 0.000699, CTCLoss: 0.289208, SARLoss: 0.285705, loss: 0.574827, avg_reader_cost: 0.00009 s, avg_batch_cost: 0.00460 s, avg_samples: 8.0, ips: 1740.52653 samples/s, eta: 0:38:13
[2024/09/18 05:25:11] ppocr INFO: save model in /home/mlteam/work/bazo/mn_ocr/output/recognition/latest
[2024/09/18 05:25:11] ppocr INFO: save model in /home/mlteam/work/bazo/mn_ocr/output/recognition/iter_epoch_50
[2024/09/18 05:26:32] ppocr INFO: epoch: [51/100], global_step: 31875, lr: 0.000684, CTCLoss: 0.282659, SARLoss: 0.284728, loss: 0.567362, avg_reader_cost: 0.00011 s, avg_batch_cost: 0.00461 s, avg_samples: 8.0, ips: 1736.36333 samples/s, eta: 0:37:27
[2024/09/18 05:26:33] ppocr INFO: save model in /home/mlteam/work/bazo/mn_ocr/output/recognition/latest
[2024/09/18 05:26:52] ppocr INFO: cur metric, acc: 0.9819042778776389, norm_edit_dis: 0.9911637508046575, fps: 5296.802035946866
[2024/09/18 05:26:52] ppocr INFO: save best model is to /home/mlteam/work/bazo/mn_ocr/output/recognition/best_accuracy
[2024/09/18 05:26:52] ppocr INFO: best metric, acc: 0.9819042778776389, is_float16: False, norm_edit_dis: 0.9911637508046575, fps: 5296.802035946866, best_epoch: 52
[2024/09/18 05:27:57] ppocr INFO: epoch: [52/100], global_step: 32500, lr: 0.000669, CTCLoss: 0.276355, SARLoss: 0.283876, loss: 0.560598, avg_reader_cost: 0.00009 s, avg_batch_cost: 0.00459 s, avg_samples: 8.0, ips: 1743.46257 samples/s, eta: 0:36:41
[2024/09/18 05:27:58] ppocr INFO: save model in /home/mlteam/work/bazo/mn_ocr/output/recognition/latest
[2024/09/18 05:29:19] ppocr INFO: epoch: [53/100], global_step: 33125, lr: 0.000655, CTCLoss: 0.271626, SARLoss: 0.282763, loss: 0.554818, avg_reader_cost: 0.00009 s, avg_batch_cost: 0.00460 s, avg_samples: 8.0, ips: 1740.04956 samples/s, eta: 0:35:56
[2024/09/18 05:29:19] ppocr INFO: save model in /home/mlteam/work/bazo/mn_ocr/output/recognition/latest
[2024/09/18 05:30:41] ppocr INFO: epoch: [54/100], global_step: 33750, lr: 0.000640, CTCLoss: 0.266101, SARLoss: 0.281840, loss: 0.548057, avg_reader_cost: 0.00010 s, avg_batch_cost: 0.00460 s, avg_samples: 8.0, ips: 1737.55166 samples/s, eta: 0:35:10
[2024/09/18 05:30:41] ppocr INFO: save model in /home/mlteam/work/bazo/mn_ocr/output/recognition/latest
[2024/09/18 05:31:17] ppocr INFO: cur metric, acc: 0.9813969212063277, norm_edit_dis: 0.9911124160691956, fps: 5355.660329406247
[2024/09/18 05:31:17] ppocr INFO: best metric, acc: 0.9819042778776389, is_float16: False, norm_edit_dis: 0.9911637508046575, fps: 5296.802035946866, best_epoch: 52
[2024/09/18 05:32:05] ppocr INFO: epoch: [55/100], global_step: 34375, lr: 0.000624, CTCLoss: 0.260430, SARLoss: 0.280788, loss: 0.541352, avg_reader_cost: 0.00010 s, avg_batch_cost: 0.00460 s, avg_samples: 8.0, ips: 1740.27286 samples/s, eta: 0:34:24
[2024/09/18 05:32:06] ppocr INFO: save model in /home/mlteam/work/bazo/mn_ocr/output/recognition/latest
[2024/09/18 05:32:06] ppocr INFO: save model in /home/mlteam/work/bazo/mn_ocr/output/recognition/iter_epoch_55
[2024/09/18 05:33:27] ppocr INFO: epoch: [56/100], global_step: 35000, lr: 0.000609, CTCLoss: 0.254752, SARLoss: 0.280034, loss: 0.535144, avg_reader_cost: 0.00011 s, avg_batch_cost: 0.00461 s, avg_samples: 8.0, ips: 1734.37627 samples/s, eta: 0:33:38
[2024/09/18 05:33:28] ppocr INFO: save model in /home/mlteam/work/bazo/mn_ocr/output/recognition/latest
[2024/09/18 05:34:49] ppocr INFO: epoch: [57/100], global_step: 35625, lr: 0.000594, CTCLoss: 0.249723, SARLoss: 0.278869, loss: 0.528585, avg_reader_cost: 0.00009 s, avg_batch_cost: 0.00460 s, avg_samples: 8.0, ips: 1740.11585 samples/s, eta: 0:32:53
[2024/09/18 05:34:50] ppocr INFO: save model in /home/mlteam/work/bazo/mn_ocr/output/recognition/latest
[2024/09/18 05:35:42] ppocr INFO: cur metric, acc: 0.983510907336791, norm_edit_dis: 0.9919176907354079, fps: 5339.76713062427
[2024/09/18 05:35:42] ppocr INFO: save best model is to /home/mlteam/work/bazo/mn_ocr/output/recognition/best_accuracy
[2024/09/18 05:35:42] ppocr INFO: best metric, acc: 0.983510907336791, is_float16: False, norm_edit_dis: 0.9919176907354079, fps: 5339.76713062427, best_epoch: 58
[2024/09/18 05:36:14] ppocr INFO: epoch: [58/100], global_step: 36250, lr: 0.000578, CTCLoss: 0.244187, SARLoss: 0.278067, loss: 0.522855, avg_reader_cost: 0.00010 s, avg_batch_cost: 0.00460 s, avg_samples: 8.0, ips: 1739.75905 samples/s, eta: 0:32:07
[2024/09/18 05:36:15] ppocr INFO: save model in /home/mlteam/work/bazo/mn_ocr/output/recognition/latest
[2024/09/18 05:37:36] ppocr INFO: epoch: [59/100], global_step: 36875, lr: 0.000563, CTCLoss: 0.239124, SARLoss: 0.277106, loss: 0.516328, avg_reader_cost: 0.00009 s, avg_batch_cost: 0.00458 s, avg_samples: 8.0, ips: 1745.39517 samples/s, eta: 0:31:21
[2024/09/18 05:37:37] ppocr INFO: save model in /home/mlteam/work/bazo/mn_ocr/output/recognition/latest
[2024/09/18 05:38:58] ppocr INFO: epoch: [60/100], global_step: 37500, lr: 0.000547, CTCLoss: 0.234598, SARLoss: 0.276363, loss: 0.510963, avg_reader_cost: 0.00010 s, avg_batch_cost: 0.00460 s, avg_samples: 8.0, ips: 1738.37431 samples/s, eta: 0:30:35
[2024/09/18 05:38:59] ppocr INFO: save model in /home/mlteam/work/bazo/mn_ocr/output/recognition/latest
[2024/09/18 05:38:59] ppocr INFO: save model in /home/mlteam/work/bazo/mn_ocr/output/recognition/iter_epoch_60
[2024/09/18 05:40:07] ppocr INFO: cur metric, acc: 0.9826653128846057, norm_edit_dis: 0.9912705778520334, fps: 5359.674773162337
[2024/09/18 05:40:07] ppocr INFO: best metric, acc: 0.983510907336791, is_float16: False, norm_edit_dis: 0.9919176907354079, fps: 5339.76713062427, best_epoch: 58
[2024/09/18 05:40:23] ppocr INFO: epoch: [61/100], global_step: 38125, lr: 0.000531, CTCLoss: 0.230181, SARLoss: 0.275613, loss: 0.505275, avg_reader_cost: 0.00012 s, avg_batch_cost: 0.00461 s, avg_samples: 8.0, ips: 1735.15846 samples/s, eta: 0:29:49
[2024/09/18 05:40:24] ppocr INFO: save model in /home/mlteam/work/bazo/mn_ocr/output/recognition/latest
[2024/09/18 05:41:45] ppocr INFO: epoch: [62/100], global_step: 38750, lr: 0.000516, CTCLoss: 0.224973, SARLoss: 0.274659, loss: 0.499932, avg_reader_cost: 0.00010 s, avg_batch_cost: 0.00461 s, avg_samples: 8.0, ips: 1734.56305 samples/s, eta: 0:29:04
[2024/09/18 05:41:45] ppocr INFO: save model in /home/mlteam/work/bazo/mn_ocr/output/recognition/latest
[2024/09/18 05:43:07] ppocr INFO: epoch: [63/100], global_step: 39375, lr: 0.000500, CTCLoss: 0.220485, SARLoss: 0.273833, loss: 0.494270, avg_reader_cost: 0.00010 s, avg_batch_cost: 0.00460 s, avg_samples: 8.0, ips: 1738.70627 samples/s, eta: 0:28:18
[2024/09/18 05:43:07] ppocr INFO: save model in /home/mlteam/work/bazo/mn_ocr/output/recognition/latest
[2024/09/18 05:44:29] ppocr INFO: epoch: [64/100], global_step: 40000, lr: 0.000484, CTCLoss: 0.215958, SARLoss: 0.272927, loss: 0.489485, avg_reader_cost: 0.00010 s, avg_batch_cost: 0.00460 s, avg_samples: 8.0, ips: 1739.16454 samples/s, eta: 0:27:32
[2024/09/18 05:44:31] ppocr INFO: cur metric, acc: 0.983172669555917, norm_edit_dis: 0.9918146621285344, fps: 5361.107354464032
[2024/09/18 05:44:31] ppocr INFO: best metric, acc: 0.983510907336791, is_float16: False, norm_edit_dis: 0.9919176907354079, fps: 5339.76713062427, best_epoch: 58
[2024/09/18 05:44:32] ppocr INFO: save model in /home/mlteam/work/bazo/mn_ocr/output/recognition/latest
[2024/09/18 05:45:53] ppocr INFO: epoch: [65/100], global_step: 40625, lr: 0.000469, CTCLoss: 0.211260, SARLoss: 0.271899, loss: 0.484379, avg_reader_cost: 0.00010 s, avg_batch_cost: 0.00461 s, avg_samples: 8.0, ips: 1736.67262 samples/s, eta: 0:26:46
[2024/09/18 05:45:54] ppocr INFO: save model in /home/mlteam/work/bazo/mn_ocr/output/recognition/latest
[2024/09/18 05:45:54] ppocr INFO: save model in /home/mlteam/work/bazo/mn_ocr/output/recognition/iter_epoch_65
[2024/09/18 05:47:15] ppocr INFO: epoch: [66/100], global_step: 41250, lr: 0.000453, CTCLoss: 0.206629, SARLoss: 0.271077, loss: 0.478839, avg_reader_cost: 0.00012 s, avg_batch_cost: 0.00462 s, avg_samples: 8.0, ips: 1730.79311 samples/s, eta: 0:26:00
[2024/09/18 05:47:16] ppocr INFO: save model in /home/mlteam/work/bazo/mn_ocr/output/recognition/latest
[2024/09/18 05:48:37] ppocr INFO: epoch: [67/100], global_step: 41875, lr: 0.000437, CTCLoss: 0.202733, SARLoss: 0.270313, loss: 0.473652, avg_reader_cost: 0.00010 s, avg_batch_cost: 0.00460 s, avg_samples: 8.0, ips: 1738.55465 samples/s, eta: 0:25:14
[2024/09/18 05:48:38] ppocr INFO: save model in /home/mlteam/work/bazo/mn_ocr/output/recognition/latest
[2024/09/18 05:48:57] ppocr INFO: cur metric, acc: 0.9853712151315989, norm_edit_dis: 0.9929439690534364, fps: 5355.15670637253
[2024/09/18 05:48:58] ppocr INFO: save best model is to /home/mlteam/work/bazo/mn_ocr/output/recognition/best_accuracy
[2024/09/18 05:48:58] ppocr INFO: best metric, acc: 0.9853712151315989, is_float16: False, norm_edit_dis: 0.9929439690534364, fps: 5355.15670637253, best_epoch: 68
[2024/09/18 05:50:03] ppocr INFO: epoch: [68/100], global_step: 42500, lr: 0.000422, CTCLoss: 0.197991, SARLoss: 0.269214, loss: 0.468195, avg_reader_cost: 0.00010 s, avg_batch_cost: 0.00461 s, avg_samples: 8.0, ips: 1736.40074 samples/s, eta: 0:24:29
[2024/09/18 05:50:03] ppocr INFO: save model in /home/mlteam/work/bazo/mn_ocr/output/recognition/latest
[2024/09/18 05:51:24] ppocr INFO: epoch: [69/100], global_step: 43125, lr: 0.000406, CTCLoss: 0.193252, SARLoss: 0.268323, loss: 0.462815, avg_reader_cost: 0.00010 s, avg_batch_cost: 0.00460 s, avg_samples: 8.0, ips: 1738.91220 samples/s, eta: 0:23:43
[2024/09/18 05:51:25] ppocr INFO: save model in /home/mlteam/work/bazo/mn_ocr/output/recognition/latest
[2024/09/18 05:52:46] ppocr INFO: epoch: [70/100], global_step: 43750, lr: 0.000391, CTCLoss: 0.189193, SARLoss: 0.267619, loss: 0.456697, avg_reader_cost: 0.00011 s, avg_batch_cost: 0.00461 s, avg_samples: 8.0, ips: 1733.75252 samples/s, eta: 0:22:57
[2024/09/18 05:52:47] ppocr INFO: save model in /home/mlteam/work/bazo/mn_ocr/output/recognition/latest
[2024/09/18 05:52:47] ppocr INFO: save model in /home/mlteam/work/bazo/mn_ocr/output/recognition/iter_epoch_70
[2024/09/18 05:53:23] ppocr INFO: cur metric, acc: 0.9846101801246321, norm_edit_dis: 0.9928357570858537, fps: 5349.436168116623
[2024/09/18 05:53:23] ppocr INFO: best metric, acc: 0.9853712151315989, is_float16: False, norm_edit_dis: 0.9929439690534364, fps: 5355.15670637253, best_epoch: 68
[2024/09/18 05:54:12] ppocr INFO: epoch: [71/100], global_step: 44375, lr: 0.000376, CTCLoss: 0.183871, SARLoss: 0.266635, loss: 0.450540, avg_reader_cost: 0.00013 s, avg_batch_cost: 0.00463 s, avg_samples: 8.0, ips: 1726.20919 samples/s, eta: 0:22:11
[2024/09/18 05:54:12] ppocr INFO: save model in /home/mlteam/work/bazo/mn_ocr/output/recognition/latest
[2024/09/18 05:55:34] ppocr INFO: epoch: [72/100], global_step: 45000, lr: 0.000361, CTCLoss: 0.180000, SARLoss: 0.265749, loss: 0.445495, avg_reader_cost: 0.00011 s, avg_batch_cost: 0.00461 s, avg_samples: 8.0, ips: 1733.65153 samples/s, eta: 0:21:25
[2024/09/18 05:55:34] ppocr INFO: save model in /home/mlteam/work/bazo/mn_ocr/output/recognition/latest
[2024/09/18 05:56:55] ppocr INFO: epoch: [73/100], global_step: 45625, lr: 0.000346, CTCLoss: 0.175271, SARLoss: 0.265297, loss: 0.441336, avg_reader_cost: 0.00010 s, avg_batch_cost: 0.00460 s, avg_samples: 8.0, ips: 1738.37810 samples/s, eta: 0:20:40
[2024/09/18 05:56:56] ppocr INFO: save model in /home/mlteam/work/bazo/mn_ocr/output/recognition/latest
[2024/09/18 05:57:48] ppocr INFO: cur metric, acc: 0.9846947395698505, norm_edit_dis: 0.9926099571329489, fps: 5357.996968091071
[2024/09/18 05:57:48] ppocr INFO: best metric, acc: 0.9853712151315989, is_float16: False, norm_edit_dis: 0.9929439690534364, fps: 5355.15670637253, best_epoch: 68
[2024/09/18 05:58:21] ppocr INFO: epoch: [74/100], global_step: 46250, lr: 0.000331, CTCLoss: 0.171218, SARLoss: 0.264453, loss: 0.437121, avg_reader_cost: 0.00012 s, avg_batch_cost: 0.00463 s, avg_samples: 8.0, ips: 1728.29633 samples/s, eta: 0:19:54
[2024/09/18 05:58:21] ppocr INFO: save model in /home/mlteam/work/bazo/mn_ocr/output/recognition/latest
[2024/09/18 05:59:42] ppocr INFO: epoch: [75/100], global_step: 46875, lr: 0.000316, CTCLoss: 0.167830, SARLoss: 0.263511, loss: 0.432852, avg_reader_cost: 0.00011 s, avg_batch_cost: 0.00460 s, avg_samples: 8.0, ips: 1740.39406 samples/s, eta: 0:19:08
[2024/09/18 05:59:43] ppocr INFO: save model in /home/mlteam/work/bazo/mn_ocr/output/recognition/latest
[2024/09/18 05:59:43] ppocr INFO: save model in /home/mlteam/work/bazo/mn_ocr/output/recognition/iter_epoch_75
[2024/09/18 06:01:05] ppocr INFO: epoch: [76/100], global_step: 47500, lr: 0.000301, CTCLoss: 0.163270, SARLoss: 0.262650, loss: 0.427055, avg_reader_cost: 0.00012 s, avg_batch_cost: 0.00463 s, avg_samples: 8.0, ips: 1729.32666 samples/s, eta: 0:18:22
[2024/09/18 06:01:05] ppocr INFO: save model in /home/mlteam/work/bazo/mn_ocr/output/recognition/latest
[2024/09/18 06:02:13] ppocr INFO: cur metric, acc: 0.983510907336791, norm_edit_dis: 0.9921227977230659, fps: 5360.871531261044
[2024/09/18 06:02:13] ppocr INFO: best metric, acc: 0.9853712151315989, is_float16: False, norm_edit_dis: 0.9929439690534364, fps: 5355.15670637253, best_epoch: 68
[2024/09/18 06:02:29] ppocr INFO: epoch: [77/100], global_step: 48125, lr: 0.000287, CTCLoss: 0.159082, SARLoss: 0.261839, loss: 0.422629, avg_reader_cost: 0.00011 s, avg_batch_cost: 0.00461 s, avg_samples: 8.0, ips: 1735.90133 samples/s, eta: 0:17:36
[2024/09/18 06:02:30] ppocr INFO: save model in /home/mlteam/work/bazo/mn_ocr/output/recognition/latest
[2024/09/18 06:03:51] ppocr INFO: epoch: [78/100], global_step: 48750, lr: 0.000273, CTCLoss: 0.156185, SARLoss: 0.261167, loss: 0.418150, avg_reader_cost: 0.00011 s, avg_batch_cost: 0.00461 s, avg_samples: 8.0, ips: 1736.98951 samples/s, eta: 0:16:50
[2024/09/18 06:03:52] ppocr INFO: save model in /home/mlteam/work/bazo/mn_ocr/output/recognition/latest
[2024/09/18 06:05:13] ppocr INFO: epoch: [79/100], global_step: 49375, lr: 0.000259, CTCLoss: 0.151971, SARLoss: 0.260350, loss: 0.412200, avg_reader_cost: 0.00011 s, avg_batch_cost: 0.00461 s, avg_samples: 8.0, ips: 1735.60668 samples/s, eta: 0:16:04
[2024/09/18 06:05:14] ppocr INFO: save model in /home/mlteam/work/bazo/mn_ocr/output/recognition/latest
[2024/09/18 06:06:35] ppocr INFO: epoch: [80/100], global_step: 50000, lr: 0.000245, CTCLoss: 0.148787, SARLoss: 0.259638, loss: 0.408849, avg_reader_cost: 0.00011 s, avg_batch_cost: 0.00461 s, avg_samples: 8.0, ips: 1734.00464 samples/s, eta: 0:15:18
[2024/09/18 06:06:38] ppocr INFO: cur metric, acc: 0.9848638584602877, norm_edit_dis: 0.9924788259326743, fps: 5350.809021388419
[2024/09/18 06:06:38] ppocr INFO: best metric, acc: 0.9853712151315989, is_float16: False, norm_edit_dis: 0.9929439690534364, fps: 5355.15670637253, best_epoch: 68
[2024/09/18 06:06:39] ppocr INFO: save model in /home/mlteam/work/bazo/mn_ocr/output/recognition/latest
[2024/09/18 06:06:39] ppocr INFO: save model in /home/mlteam/work/bazo/mn_ocr/output/recognition/iter_epoch_80
[2024/09/18 06:08:00] ppocr INFO: epoch: [81/100], global_step: 50625, lr: 0.000232, CTCLoss: 0.145112, SARLoss: 0.259043, loss: 0.404140, avg_reader_cost: 0.00013 s, avg_batch_cost: 0.00463 s, avg_samples: 8.0, ips: 1729.40902 samples/s, eta: 0:14:33
[2024/09/18 06:08:01] ppocr INFO: save model in /home/mlteam/work/bazo/mn_ocr/output/recognition/latest
[2024/09/18 06:09:22] ppocr INFO: epoch: [82/100], global_step: 51250, lr: 0.000219, CTCLoss: 0.141470, SARLoss: 0.258433, loss: 0.399941, avg_reader_cost: 0.00011 s, avg_batch_cost: 0.00461 s, avg_samples: 8.0, ips: 1733.99457 samples/s, eta: 0:13:47
[2024/09/18 06:09:23] ppocr INFO: save model in /home/mlteam/work/bazo/mn_ocr/output/recognition/latest
[2024/09/18 06:10:44] ppocr INFO: epoch: [83/100], global_step: 51875, lr: 0.000206, CTCLoss: 0.138080, SARLoss: 0.257866, loss: 0.395876, avg_reader_cost: 0.00011 s, avg_batch_cost: 0.00461 s, avg_samples: 8.0, ips: 1735.02931 samples/s, eta: 0:13:01
[2024/09/18 06:10:45] ppocr INFO: save model in /home/mlteam/work/bazo/mn_ocr/output/recognition/latest
[2024/09/18 06:11:05] ppocr INFO: cur metric, acc: 0.983341788446354, norm_edit_dis: 0.991963245153704, fps: 5361.725692177446
[2024/09/18 06:11:05] ppocr INFO: best metric, acc: 0.9853712151315989, is_float16: False, norm_edit_dis: 0.9929439690534364, fps: 5355.15670637253, best_epoch: 68
[2024/09/18 06:12:10] ppocr INFO: epoch: [84/100], global_step: 52500, lr: 0.000194, CTCLoss: 0.134396, SARLoss: 0.257212, loss: 0.392062, avg_reader_cost: 0.00014 s, avg_batch_cost: 0.00464 s, avg_samples: 8.0, ips: 1724.68518 samples/s, eta: 0:12:15
[2024/09/18 06:12:10] ppocr INFO: save model in /home/mlteam/work/bazo/mn_ocr/output/recognition/latest
[2024/09/18 06:13:32] ppocr INFO: epoch: [85/100], global_step: 53125, lr: 0.000181, CTCLoss: 0.130789, SARLoss: 0.256548, loss: 0.388433, avg_reader_cost: 0.00011 s, avg_batch_cost: 0.00462 s, avg_samples: 8.0, ips: 1732.91030 samples/s, eta: 0:11:29
[2024/09/18 06:13:33] ppocr INFO: save model in /home/mlteam/work/bazo/mn_ocr/output/recognition/latest
[2024/09/18 06:13:33] ppocr INFO: save model in /home/mlteam/work/bazo/mn_ocr/output/recognition/iter_epoch_85
[2024/09/18 06:14:54] ppocr INFO: epoch: [86/100], global_step: 53750, lr: 0.000169, CTCLoss: 0.128154, SARLoss: 0.255722, loss: 0.384157, avg_reader_cost: 0.00013 s, avg_batch_cost: 0.00463 s, avg_samples: 8.0, ips: 1726.30399 samples/s, eta: 0:10:43
[2024/09/18 06:14:55] ppocr INFO: save model in /home/mlteam/work/bazo/mn_ocr/output/recognition/latest
[2024/09/18 06:15:30] ppocr INFO: cur metric, acc: 0.9852866556863803, norm_edit_dis: 0.9928549936791481, fps: 5361.577904027206
[2024/09/18 06:15:30] ppocr INFO: best metric, acc: 0.9853712151315989, is_float16: False, norm_edit_dis: 0.9929439690534364, fps: 5355.15670637253, best_epoch: 68
[2024/09/18 06:16:19] ppocr INFO: epoch: [87/100], global_step: 54375, lr: 0.000158, CTCLoss: 0.124950, SARLoss: 0.255167, loss: 0.380998, avg_reader_cost: 0.00012 s, avg_batch_cost: 0.00462 s, avg_samples: 8.0, ips: 1732.58917 samples/s, eta: 0:09:57
[2024/09/18 06:16:20] ppocr INFO: save model in /home/mlteam/work/bazo/mn_ocr/output/recognition/latest
[2024/09/18 06:17:41] ppocr INFO: epoch: [88/100], global_step: 55000, lr: 0.000146, CTCLoss: 0.121977, SARLoss: 0.254500, loss: 0.377212, avg_reader_cost: 0.00012 s, avg_batch_cost: 0.00462 s, avg_samples: 8.0, ips: 1732.11893 samples/s, eta: 0:09:11
[2024/09/18 06:17:42] ppocr INFO: save model in /home/mlteam/work/bazo/mn_ocr/output/recognition/latest
[2024/09/18 06:19:03] ppocr INFO: epoch: [89/100], global_step: 55625, lr: 0.000136, CTCLoss: 0.119022, SARLoss: 0.253709, loss: 0.373518, avg_reader_cost: 0.00012 s, avg_batch_cost: 0.00461 s, avg_samples: 8.0, ips: 1733.57192 samples/s, eta: 0:08:25
[2024/09/18 06:19:04] ppocr INFO: save model in /home/mlteam/work/bazo/mn_ocr/output/recognition/latest
[2024/09/18 06:19:56] ppocr INFO: cur metric, acc: 0.9853712151315989, norm_edit_dis: 0.9930816139778751, fps: 5353.0102879748
[2024/09/18 06:19:56] ppocr INFO: save best model is to /home/mlteam/work/bazo/mn_ocr/output/recognition/best_accuracy
[2024/09/18 06:19:56] ppocr INFO: best metric, acc: 0.9853712151315989, is_float16: False, norm_edit_dis: 0.9930816139778751, fps: 5353.0102879748, best_epoch: 90
[2024/09/18 06:20:29] ppocr INFO: epoch: [90/100], global_step: 56250, lr: 0.000125, CTCLoss: 0.115371, SARLoss: 0.252941, loss: 0.369385, avg_reader_cost: 0.00012 s, avg_batch_cost: 0.00462 s, avg_samples: 8.0, ips: 1731.69370 samples/s, eta: 0:07:39
[2024/09/18 06:20:29] ppocr INFO: save model in /home/mlteam/work/bazo/mn_ocr/output/recognition/latest
[2024/09/18 06:20:30] ppocr INFO: save model in /home/mlteam/work/bazo/mn_ocr/output/recognition/iter_epoch_90
[2024/09/18 06:21:51] ppocr INFO: epoch: [91/100], global_step: 56875, lr: 0.000115, CTCLoss: 0.112614, SARLoss: 0.252451, loss: 0.366327, avg_reader_cost: 0.00013 s, avg_batch_cost: 0.00463 s, avg_samples: 8.0, ips: 1728.53049 samples/s, eta: 0:06:53
[2024/09/18 06:21:52] ppocr INFO: save model in /home/mlteam/work/bazo/mn_ocr/output/recognition/latest
[2024/09/18 06:23:13] ppocr INFO: epoch: [92/100], global_step: 57500, lr: 0.000105, CTCLoss: 0.109552, SARLoss: 0.251971, loss: 0.363263, avg_reader_cost: 0.00012 s, avg_batch_cost: 0.00462 s, avg_samples: 8.0, ips: 1732.14215 samples/s, eta: 0:06:07
[2024/09/18 06:23:14] ppocr INFO: save model in /home/mlteam/work/bazo/mn_ocr/output/recognition/latest
[2024/09/18 06:24:22] ppocr INFO: cur metric, acc: 0.9853712151315989, norm_edit_dis: 0.992802833200852, fps: 5349.280403303533
[2024/09/18 06:24:22] ppocr INFO: save best model is to /home/mlteam/work/bazo/mn_ocr/output/recognition/best_accuracy
[2024/09/18 06:24:22] ppocr INFO: best metric, acc: 0.9853712151315989, is_float16: False, norm_edit_dis: 0.992802833200852, fps: 5349.280403303533, best_epoch: 93
[2024/09/18 06:24:39] ppocr INFO: epoch: [93/100], global_step: 58125, lr: 0.000095, CTCLoss: 0.106855, SARLoss: 0.251384, loss: 0.360592, avg_reader_cost: 0.00012 s, avg_batch_cost: 0.00462 s, avg_samples: 8.0, ips: 1730.13982 samples/s, eta: 0:05:21
[2024/09/18 06:24:39] ppocr INFO: save model in /home/mlteam/work/bazo/mn_ocr/output/recognition/latest
[2024/09/18 06:26:00] ppocr INFO: epoch: [94/100], global_step: 58750, lr: 0.000086, CTCLoss: 0.104791, SARLoss: 0.250756, loss: 0.357012, avg_reader_cost: 0.00012 s, avg_batch_cost: 0.00461 s, avg_samples: 8.0, ips: 1735.24738 samples/s, eta: 0:04:35
[2024/09/18 06:26:01] ppocr INFO: save model in /home/mlteam/work/bazo/mn_ocr/output/recognition/latest
[2024/09/18 06:27:22] ppocr INFO: epoch: [95/100], global_step: 59375, lr: 0.000078, CTCLoss: 0.102469, SARLoss: 0.250374, loss: 0.354353, avg_reader_cost: 0.00012 s, avg_batch_cost: 0.00462 s, avg_samples: 8.0, ips: 1733.22343 samples/s, eta: 0:03:49
[2024/09/18 06:27:23] ppocr INFO: save model in /home/mlteam/work/bazo/mn_ocr/output/recognition/latest
[2024/09/18 06:27:23] ppocr INFO: save model in /home/mlteam/work/bazo/mn_ocr/output/recognition/iter_epoch_95
[2024/09/18 06:28:45] ppocr INFO: epoch: [96/100], global_step: 60000, lr: 0.000070, CTCLoss: 0.100102, SARLoss: 0.250063, loss: 0.351706, avg_reader_cost: 0.00014 s, avg_batch_cost: 0.00464 s, avg_samples: 8.0, ips: 1725.59859 samples/s, eta: 0:03:03
[2024/09/18 06:28:48] ppocr INFO: cur metric, acc: 0.9854557745768174, norm_edit_dis: 0.9928284359217655, fps: 5359.336580221756
[2024/09/18 06:28:49] ppocr INFO: save best model is to /home/mlteam/work/bazo/mn_ocr/output/recognition/best_accuracy
[2024/09/18 06:28:49] ppocr INFO: best metric, acc: 0.9854557745768174, is_float16: False, norm_edit_dis: 0.9928284359217655, fps: 5359.336580221756, best_epoch: 96
[2024/09/18 06:28:50] ppocr INFO: save model in /home/mlteam/work/bazo/mn_ocr/output/recognition/latest
[2024/09/18 06:30:11] ppocr INFO: epoch: [97/100], global_step: 60625, lr: 0.000062, CTCLoss: 0.098452, SARLoss: 0.249595, loss: 0.349813, avg_reader_cost: 0.00013 s, avg_batch_cost: 0.00464 s, avg_samples: 8.0, ips: 1723.14483 samples/s, eta: 0:02:17
[2024/09/18 06:30:12] ppocr INFO: save model in /home/mlteam/work/bazo/mn_ocr/output/recognition/latest
[2024/09/18 06:31:33] ppocr INFO: epoch: [98/100], global_step: 61250, lr: 0.000055, CTCLoss: 0.097168, SARLoss: 0.249341, loss: 0.347783, avg_reader_cost: 0.00012 s, avg_batch_cost: 0.00462 s, avg_samples: 8.0, ips: 1730.89283 samples/s, eta: 0:01:31
[2024/09/18 06:31:34] ppocr INFO: save model in /home/mlteam/work/bazo/mn_ocr/output/recognition/latest
[2024/09/18 06:32:55] ppocr INFO: epoch: [99/100], global_step: 61875, lr: 0.000048, CTCLoss: 0.095582, SARLoss: 0.248976, loss: 0.345729, avg_reader_cost: 0.00012 s, avg_batch_cost: 0.00463 s, avg_samples: 8.0, ips: 1729.60426 samples/s, eta: 0:00:45
[2024/09/18 06:32:56] ppocr INFO: save model in /home/mlteam/work/bazo/mn_ocr/output/recognition/latest
[2024/09/18 06:33:15] ppocr INFO: cur metric, acc: 0.9855403340220359, norm_edit_dis: 0.9926789835083604, fps: 5358.634271322441
[2024/09/18 06:33:16] ppocr INFO: save best model is to /home/mlteam/work/bazo/mn_ocr/output/recognition/best_accuracy
[2024/09/18 06:33:16] ppocr INFO: best metric, acc: 0.9855403340220359, is_float16: False, norm_edit_dis: 0.9926789835083604, fps: 5358.634271322441, best_epoch: 100
[2024/09/18 06:34:21] ppocr INFO: epoch: [100/100], global_step: 62500, lr: 0.000041, CTCLoss: 0.093683, SARLoss: 0.248572, loss: 0.344331, avg_reader_cost: 0.00012 s, avg_batch_cost: 0.00462 s, avg_samples: 8.0, ips: 1730.74916 samples/s, eta: 0:00:00
[2024/09/18 06:34:22] ppocr INFO: save model in /home/mlteam/work/bazo/mn_ocr/output/recognition/latest
[2024/09/18 06:34:22] ppocr INFO: save model in /home/mlteam/work/bazo/mn_ocr/output/recognition/iter_epoch_100
[2024/09/18 06:34:22] ppocr INFO: best metric, acc: 0.9855403340220359, is_float16: False, norm_edit_dis: 0.9926789835083604, fps: 5358.634271322441, best_epoch: 100
